<?xml version="1.0" encoding="UTF-8"?>
<!-- Generated by org.testng.reporters.JUnitReportReporter -->
<testsuite hostname="pcina" failures="0" tests="10" name="Test.MainTest" time="137.416" errors="0" timestamp="2023-01-02T18:54:59 MSK" skipped="0">
  <testcase classname="Test.MainTest" name="TC_FH_3" time="29.681"/>
  <system-out/>
  <testcase classname="Test.MainTest" name="TC_HF_5" time="14.392"/>
  <system-out/>
  <testcase classname="Test.MainTest" name="TC_HOTEL_LAN_1" time="10.006"/>
  <system-out/>
  <testcase classname="Test.MainTest" name="TC_FAQ_1" time="8.757"/>
  <system-out/>
  <testcase classname="Test.MainTest" name="TC_HR_1" time="8.253"/>
  <system-out/>
  <testcase classname="Test.MainTest" name="TC_BT_11" time="4.646"/>
  <system-out/>
  <testcase classname="Test.MainTest" name="TC_FH_2" time="8.356"/>
  <system-out/>
  <testcase classname="Test.MainTest" name="TC_FBT_1" time="7.327"/>
  <system-out/>
  <testcase classname="Test.MainTest" name="TETSaS" time="12.617"/>
  <system-out/>
  <testcase classname="Test.MainTest" name="TC_FH_4" time="33.381"/>
  <system-out/>
</testsuite> <!-- Test.MainTest -->
